<?xml version="1.0" encoding="UTF-8"?>
<!-- Generated by org.testng.reporters.JUnitReportReporter -->
<testsuite hostname="DESKTOP-4VT63TV" failures="0" tests="2" name="org.testng1.TestngDataProvider" time="0.009" errors="0" timestamp="06 Dec 2021 05:33:04 GMT" skipped="0">
  <testcase classname="org.testng1.TestngDataProvider" name="test1" time="0.002"/>
  <testcase classname="org.testng1.TestngDataProvider" name="test1" time="0.007"/>
</testsuite> <!-- org.testng1.TestngDataProvider -->
