<?xml version="1.0" encoding="UTF-8"?>
<!-- Generated by org.testng.reporters.JUnitReportReporter -->
<testsuite hostname="DESKTOP-4VT63TV" failures="0" tests="1" name="org.testng1.DataProviderTestng" time="0.007" errors="0" timestamp="14 Nov 2021 07:16:35 GMT" skipped="0">
  <testcase classname="org.testng1.DataProviderTestng" name="test" time="0.007"/>
</testsuite> <!-- org.testng1.DataProviderTestng -->
