<?xml version="1.0" encoding="UTF-8"?>
<!-- Generated by org.testng.reporters.JUnitReportReporter -->
<testsuite hostname="DESKTOP-4VT63TV" failures="0" tests="4" name="org.testng1.Sample" time="0.008" errors="0" timestamp="07 Dec 2021 04:14:34 GMT" skipped="0">
  <testcase classname="org.testng1.Sample" name="TC2" time="0.005"/>
  <testcase classname="org.testng1.Sample" name="TC2" time="0.000"/>
  <testcase classname="org.testng1.Sample" name="TC2" time="0.001"/>
  <testcase classname="org.testng1.Sample" name="TC1" time="0.002"/>
</testsuite> <!-- org.testng1.Sample -->
