<?xml version="1.0" encoding="UTF-8"?>
<!-- Generated by org.testng.reporters.JUnitReportReporter -->
<testsuite hostname="DESKTOP-4VT63TV" failures="0" tests="5" name="org.testng1.ParallelTest" time="0.013" errors="0" timestamp="07 Dec 2021 05:46:22 GMT" skipped="0">
  <testcase classname="org.testng1.ParallelTest" name="TC1" time="0.000"/>
  <testcase classname="org.testng1.ParallelTest" name="TC1" time="0.008"/>
  <testcase classname="org.testng1.ParallelTest" name="TC1" time="0.001"/>
  <testcase classname="org.testng1.ParallelTest" name="TC3" time="0.002"/>
  <testcase classname="org.testng1.ParallelTest" name="TC2" time="0.002"/>
</testsuite> <!-- org.testng1.ParallelTest -->
