<?xml version="1.0" encoding="UTF-8"?>
<!-- Generated by org.testng.reporters.JUnitReportReporter -->
<testsuite hostname="DESKTOP-4VT63TV" failures="0" tests="1" name="org.testng1.DataDrivenConcept" time="8.737" errors="0" timestamp="07 Dec 2021 05:56:29 GMT" skipped="0">
  <testcase classname="org.testng1.DataDrivenConcept" name="Google" time="8.737"/>
</testsuite> <!-- org.testng1.DataDrivenConcept -->
