<?xml version="1.0" encoding="UTF-8"?>
<!-- Generated by org.testng.reporters.JUnitReportReporter -->
<testsuite hostname="DESKTOP-4VT63TV" failures="0" tests="1" name="org.testng1.AssertsTestng" time="10.115" errors="0" timestamp="06 Dec 2021 06:19:02 GMT" skipped="0">
  <testcase classname="org.testng1.AssertsTestng" name="TestCase" time="10.115"/>
</testsuite> <!-- org.testng1.AssertsTestng -->
