<?xml version="1.0" encoding="UTF-8"?>
<!-- Generated by org.testng.reporters.JUnitReportReporter -->
<testsuite hostname="DESKTOP-4VT63TV" failures="0" tests="1" name="org.testng1.Parameter" time="0.007" errors="0" timestamp="03 Dec 2021 05:44:46 GMT" skipped="0">
  <testcase classname="org.testng1.Parameter" name="sum" time="0.007"/>
</testsuite> <!-- org.testng1.Parameter -->
